Dec 31 13:08:26  CWrSock::ParseBuffer: Missing sequence, expected 2, received 62494.
Jan 16 13:06:38  CWrSock::ParseBuffer: Missing sequence, expected 2, received 5541.
Jan 22 05:30:25  CWrSock::ParseBuffer: Missing sequence, expected 2, received 636.
Feb 12 12:27:15  CWrSock::ParseBuffer: Missing sequence, expected 2, received 86078.
Feb 13 12:33:47  CWrSock::ParseBuffer: Missing sequence, expected 2, received 4849.
Feb 18 07:29:50  CWrSock::ParseBuffer: Missing sequence, expected 2, received 19048.
Feb 20 12:58:29  CWrSock::ParseBuffer: Missing sequence, expected 2, received 1500235.
Feb 20 13:01:17  CWrSock::ParseBuffer: Missing sequence, expected 2, received 1535256.
Feb 25 08:41:53  CWrSock::ParseBuffer: Missing sequence, expected 2, received 227104.
Feb 25 08:42:14  CWrSock::ParseBuffer: Missing sequence, expected 2, received 227587.
Feb 26 15:10:33  CWrSock::ParseBuffer: Missing sequence, expected 2, received 2364229.
Feb 26 15:10:54  CWrSock::ParseBuffer: Missing sequence, expected 2, received 2366951.
Mar 05 20:53:36  CWrSock::ParseBuffer: Missing sequence, expected 2, received 2518341.
Mar 05 20:53:58  CWrSock::ParseBuffer: Missing sequence, expected 2, received 2518359.
Mar 06 00:05:51  CWrSock::ParseBuffer: Missing sequence, expected 2, received 2540692.
Mar 06 10:52:29  CWrSock::ParseBuffer: Missing sequence, expected 2, received 1305272.
Mar 06 10:52:50  CWrSock::ParseBuffer: Missing sequence, expected 2, received 1310305.
Mar 13 08:35:49  CWrSock::ParseBuffer: Missing sequence, expected 2, received 2738.
Mar 24 01:17:04  CWrSock::ParseBuffer: Missing sequence, expected 2, received 6293388.
Mar 24 01:17:46  CWrSock::ParseBuffer: Missing sequence, expected 2, received 6295436.
Mar 24 01:18:28  CWrSock::ParseBuffer: Missing sequence, expected 2, received 6298354.
Mar 24 01:24:46  CWrSock::ParseBuffer: Missing sequence, expected 2, received 6311472.
Apr 07 23:59:31  CWrSock::ParseBuffer: Missing sequence, expected 2, received 1607200.
Apr 08 01:12:58  CWrSock::ParseBuffer: Missing sequence, expected 2, received 1610945.
Apr 08 01:14:01  CWrSock::ParseBuffer: Missing sequence, expected 2, received 1612017.
Apr 08 09:33:49  CWrSock::ParseBuffer: Missing sequence, expected 2, received 2079218.
Apr 17 11:36:18  CWrSock::ParseBuffer: Missing sequence, expected 2, received 471251.
Apr 20 09:49:54  CWrSock::ParseBuffer: Missing sequence, expected 2, received 94183.
Apr 20 09:50:15  CWrSock::ParseBuffer: Missing sequence, expected 2, received 95631.
Apr 20 09:50:36  CWrSock::ParseBuffer: Missing sequence, expected 2, received 96819.
Apr 20 09:50:57  CWrSock::ParseBuffer: Missing sequence, expected 2, received 98312.
Apr 20 11:34:33  CWrSock::ParseBuffer: Missing sequence, expected 2, received 479558.
May 21 12:55:26  CWrSock::ParseBuffer: Missing sequence, expected 2, received 37774.
Jun 02 04:09:12  CWrSock::ParseBuffer: Missing sequence, expected 2, received 231396.
Jun 02 04:09:33  CWrSock::ParseBuffer: Missing sequence, expected 2, received 231524.
Jun 02 04:14:05  CWrSock::ParseBuffer: Missing sequence, expected 2, received 235983.
Jun 02 04:14:27  CWrSock::ParseBuffer: Missing sequence, expected 2, received 236791.
Jun 02 04:14:48  CWrSock::ParseBuffer: Missing sequence, expected 2, received 237587.
Jun 02 08:16:31  CWrSock::ParseBuffer: Missing sequence, expected 2, received 113212.
Jun 02 08:16:52  CWrSock::ParseBuffer: Missing sequence, expected 2, received 113655.
Jun 02 08:17:13  CWrSock::ParseBuffer: Missing sequence, expected 2, received 115054.
Jun 02 08:17:34  CWrSock::ParseBuffer: Missing sequence, expected 2, received 115604.
Jun 02 08:17:56  CWrSock::ParseBuffer: Missing sequence, expected 2, received 116000.
Jun 02 08:18:16  CWrSock::ParseBuffer: Missing sequence, expected 2, received 116653.
Jun 03 06:02:49  CWrSock::ParseBuffer: Missing sequence, expected 2, received 5628984.
Jun 03 06:38:10  CWrSock::ParseBuffer: Missing sequence, expected 2, received 5667680.
