Dec 29 14:52:40  CWrSock::ParseBuffer: Missing sequence, expected 2, received 7234.
Jan 22 05:31:00  CWrSock::ParseBuffer: Missing sequence, expected 2, received 638.
Feb 25 08:41:32  CWrSock::ParseBuffer: Missing sequence, expected 2, received 226545.
Feb 26 08:23:33  CWrSock::ParseBuffer: Missing sequence, expected 2, received 29947.
Feb 26 08:23:54  CWrSock::ParseBuffer: Missing sequence, expected 2, received 29961.
Feb 26 15:10:12  CWrSock::ParseBuffer: Missing sequence, expected 2, received 2360778.
Mar 05 20:44:51  CWrSock::ParseBuffer: Missing sequence, expected 2, received 2517771.
Mar 05 20:53:15  CWrSock::ParseBuffer: Missing sequence, expected 2, received 2518328.
Mar 06 00:06:27  CWrSock::ParseBuffer: Missing sequence, expected 2, received 2540744.
Mar 06 00:06:50  CWrSock::ParseBuffer: Missing sequence, expected 2, received 2540775.
Mar 06 00:07:08  CWrSock::ParseBuffer: Missing sequence, expected 2, received 2540793.
Mar 06 00:07:35  CWrSock::ParseBuffer: Missing sequence, expected 2, received 2540824.
Mar 06 00:07:52  CWrSock::ParseBuffer: Missing sequence, expected 2, received 2540864.
Mar 06 00:08:11  CWrSock::ParseBuffer: Missing sequence, expected 2, received 2540882.
Mar 06 00:08:32  CWrSock::ParseBuffer: Missing sequence, expected 2, received 2540906.
Mar 06 02:19:26  CWrSock::ParseBuffer: Missing sequence, expected 2, received 2567797.
Mar 06 02:19:47  CWrSock::ParseBuffer: Missing sequence, expected 2, received 2567816.
Mar 06 02:25:02  CWrSock::ParseBuffer: Missing sequence, expected 2, received 2568317.
Mar 06 02:25:24  CWrSock::ParseBuffer: Missing sequence, expected 2, received 2568344.
Mar 06 04:39:24  Error connecting to server [-114, 3860020]
Mar 06 04:39:34  Before open_channel_connection->WaitForMultipleObjects [3860020]
Mar 06 04:39:34  Opening connection to localhost:2189 [3860020]
Mar 06 04:39:34  Default Socket Receive Buffer Size = 8192 [3860020]
Mar 06 04:40:44  Error connecting to server [-114, 3860020]
Mar 06 04:40:54  Before open_channel_connection->WaitForMultipleObjects [3860020]
Mar 06 04:40:54  Opening connection to localhost:2189 [3860020]
Mar 06 04:40:54  Default Socket Receive Buffer Size = 8192 [3860020]
Mar 06 09:09:14  CWrSock::ParseBuffer: Missing sequence, expected 2, received 18095.
Mar 06 09:09:35  CWrSock::ParseBuffer: Missing sequence, expected 2, received 18122.
Mar 06 09:09:57  CWrSock::ParseBuffer: Missing sequence, expected 2, received 18145.
Mar 06 09:10:20  CWrSock::ParseBuffer: Missing sequence, expected 2, received 18164.
Mar 06 09:10:38  CWrSock::ParseBuffer: Missing sequence, expected 2, received 18175.
Mar 06 09:11:00  CWrSock::ParseBuffer: Missing sequence, expected 2, received 18207.
Mar 06 09:11:20  CWrSock::ParseBuffer: Missing sequence, expected 2, received 18240.
Mar 06 09:11:41  CWrSock::ParseBuffer: Missing sequence, expected 2, received 18281.
Mar 06 09:12:02  CWrSock::ParseBuffer: Missing sequence, expected 2, received 18328.
Mar 06 09:12:23  CWrSock::ParseBuffer: Missing sequence, expected 2, received 18364.
Mar 06 09:12:44  CWrSock::ParseBuffer: Missing sequence, expected 2, received 18399.
Mar 06 09:13:05  CWrSock::ParseBuffer: Missing sequence, expected 2, received 18430.
Mar 06 09:13:26  CWrSock::ParseBuffer: Missing sequence, expected 2, received 18456.
Mar 06 09:13:47  CWrSock::ParseBuffer: Missing sequence, expected 2, received 18479.
Mar 06 09:14:09  CWrSock::ParseBuffer: Missing sequence, expected 2, received 18518.
Mar 06 09:14:30  CWrSock::ParseBuffer: Missing sequence, expected 2, received 18529.
Mar 06 09:14:50  CWrSock::ParseBuffer: Missing sequence, expected 2, received 18548.
Mar 06 09:15:17  CWrSock::ParseBuffer: Missing sequence, expected 2, received 18565.
Mar 06 09:15:33  CWrSock::ParseBuffer: Missing sequence, expected 2, received 18572.
Mar 06 09:15:53  CWrSock::ParseBuffer: Missing sequence, expected 2, received 18586.
Mar 06 09:16:14  CWrSock::ParseBuffer: Missing sequence, expected 2, received 18598.
Mar 06 09:16:37  CWrSock::ParseBuffer: Missing sequence, expected 2, received 18625.
Mar 06 09:17:03  CWrSock::ParseBuffer: Missing sequence, expected 2, received 18649.
Mar 06 09:17:22  CWrSock::ParseBuffer: Missing sequence, expected 2, received 18672.
Mar 06 09:17:39  CWrSock::ParseBuffer: Missing sequence, expected 2, received 18685.
Mar 06 09:17:59  CWrSock::ParseBuffer: Missing sequence, expected 2, received 18700.
Mar 06 09:18:20  CWrSock::ParseBuffer: Missing sequence, expected 2, received 18715.
Mar 06 09:18:41  CWrSock::ParseBuffer: Missing sequence, expected 2, received 18721.
Mar 06 09:19:09  CWrSock::ParseBuffer: Missing sequence, expected 2, received 18750.
Mar 06 09:19:23  CWrSock::ParseBuffer: Missing sequence, expected 2, received 18767.
Mar 06 09:19:44  CWrSock::ParseBuffer: Missing sequence, expected 2, received 18788.
Mar 06 09:20:05  CWrSock::ParseBuffer: Missing sequence, expected 2, received 18819.
Mar 06 09:20:26  CWrSock::ParseBuffer: Missing sequence, expected 2, received 18855.
Mar 06 09:20:47  CWrSock::ParseBuffer: Missing sequence, expected 2, received 18905.
Mar 06 09:21:08  CWrSock::ParseBuffer: Missing sequence, expected 2, received 18932.
Mar 06 09:21:29  CWrSock::ParseBuffer: Missing sequence, expected 2, received 18952.
Mar 06 09:21:50  CWrSock::ParseBuffer: Missing sequence, expected 2, received 18981.
Mar 06 09:22:11  CWrSock::ParseBuffer: Missing sequence, expected 2, received 19027.
Mar 06 09:22:33  CWrSock::ParseBuffer: Missing sequence, expected 2, received 19117.
Mar 06 09:22:53  CWrSock::ParseBuffer: Missing sequence, expected 2, received 19163.
Mar 06 09:23:14  CWrSock::ParseBuffer: Missing sequence, expected 2, received 19318.
Mar 06 09:23:36  CWrSock::ParseBuffer: Missing sequence, expected 2, received 19368.
Mar 06 09:23:57  CWrSock::ParseBuffer: Missing sequence, expected 2, received 19434.
Mar 06 09:24:17  CWrSock::ParseBuffer: Missing sequence, expected 2, received 19454.
Mar 06 09:24:38  CWrSock::ParseBuffer: Missing sequence, expected 2, received 19550.
Mar 06 09:24:59  CWrSock::ParseBuffer: Missing sequence, expected 2, received 19689.
Mar 06 09:25:21  CWrSock::ParseBuffer: Missing sequence, expected 2, received 19804.
Mar 06 09:25:42  CWrSock::ParseBuffer: Missing sequence, expected 2, received 19943.
Mar 06 09:26:02  CWrSock::ParseBuffer: Missing sequence, expected 2, received 20125.
Mar 06 09:26:23  CWrSock::ParseBuffer: Missing sequence, expected 2, received 20262.
Mar 06 09:26:44  CWrSock::ParseBuffer: Missing sequence, expected 2, received 20368.
Mar 06 09:27:05  CWrSock::ParseBuffer: Missing sequence, expected 2, received 20458.
Mar 06 09:27:26  CWrSock::ParseBuffer: Missing sequence, expected 2, received 20578.
Mar 06 09:27:47  CWrSock::ParseBuffer: Missing sequence, expected 2, received 20702.
Mar 06 09:28:08  CWrSock::ParseBuffer: Missing sequence, expected 2, received 21001.
Mar 06 09:28:29  CWrSock::ParseBuffer: Missing sequence, expected 2, received 21097.
Mar 06 09:28:50  CWrSock::ParseBuffer: Missing sequence, expected 2, received 21178.
Mar 06 09:29:11  CWrSock::ParseBuffer: Missing sequence, expected 2, received 21283.
Mar 06 09:29:32  CWrSock::ParseBuffer: Missing sequence, expected 2, received 21450.
Mar 06 09:29:53  CWrSock::ParseBuffer: Missing sequence, expected 2, received 21730.
Mar 06 09:30:14  CWrSock::ParseBuffer: Missing sequence, expected 2, received 22956.
Mar 06 09:30:35  CWrSock::ParseBuffer: Missing sequence, expected 2, received 24659.
Mar 06 09:30:56  CWrSock::ParseBuffer: Missing sequence, expected 2, received 25706.
Mar 06 09:31:17  CWrSock::ParseBuffer: Missing sequence, expected 2, received 26960.
Mar 06 09:31:38  CWrSock::ParseBuffer: Missing sequence, expected 2, received 28025.
Mar 06 09:31:59  CWrSock::ParseBuffer: Missing sequence, expected 2, received 28932.
Mar 06 09:32:20  CWrSock::ParseBuffer: Missing sequence, expected 2, received 30150.
Mar 06 09:32:41  CWrSock::ParseBuffer: Missing sequence, expected 2, received 31266.
Mar 06 09:33:02  CWrSock::ParseBuffer: Missing sequence, expected 2, received 32293.
Mar 06 09:39:20  CWrSock::ParseBuffer: Missing sequence, expected 2, received 71785.
Mar 06 10:53:32  CWrSock::ParseBuffer: Missing sequence, expected 2, received 1320851.
Mar 11 07:44:17  CWrSock::ParseBuffer: Missing sequence, expected 2, received 2452.
Mar 11 07:44:40  CWrSock::ParseBuffer: Missing sequence, expected 2, received 2459.
Mar 13 05:23:29  CWrSock::ParseBuffer: Missing sequence, expected 2, received 1891.
Mar 18 01:43:51  CWrSock::ParseBuffer: Missing sequence, expected 2, received 23512.
Mar 19 11:25:13  CWrSock::ParseBuffer: Missing sequence, expected 2, received 550291.
Mar 19 11:26:37  CWrSock::ParseBuffer: Missing sequence, expected 2, received 569951.
Mar 25 11:28:22  CWrSock::ParseBuffer: Missing sequence, expected 2, received 694374.
Mar 25 11:28:43  CWrSock::ParseBuffer: Missing sequence, expected 2, received 696020.
Mar 25 11:29:25  CWrSock::ParseBuffer: Missing sequence, expected 2, received 699033.
Mar 25 12:00:13  CWrSock::ParseBuffer: Missing sequence, expected 2, received 861507.
Mar 25 12:05:49  CWrSock::ParseBuffer: Missing sequence, expected 2, received 886232.
Mar 25 12:08:16  CWrSock::ParseBuffer: Missing sequence, expected 2, received 894998.
Mar 25 12:23:19  CWrSock::ParseBuffer: Missing sequence, expected 2, received 955576.
Mar 25 13:32:58  CWrSock::ParseBuffer: Missing sequence, expected 2, received 1278593.
Mar 25 13:36:49  CWrSock::ParseBuffer: Missing sequence, expected 2, received 1294352.
Mar 31 10:13:19  CWrSock::ParseBuffer: Missing sequence, expected 2, received 326132.
Apr 01 11:24:32  CWrSock::ParseBuffer: Missing sequence, expected 2, received 107615.
Apr 02 07:17:47  CWrSock::ParseBuffer: Missing sequence, expected 2, received 24451.
Apr 06 13:03:15  CWrSock::ParseBuffer: Missing sequence, expected 2, received 636802.
Apr 08 01:09:07  CWrSock::ParseBuffer: Missing sequence, expected 2, received 1610753.
Apr 08 01:12:16  CWrSock::ParseBuffer: Missing sequence, expected 2, received 1610880.
Apr 08 01:12:37  CWrSock::ParseBuffer: Missing sequence, expected 2, received 1610907.
Apr 08 02:45:22  CWrSock::ParseBuffer: Missing sequence, expected 2, received 1615401.
Apr 08 02:52:43  CWrSock::ParseBuffer: Missing sequence, expected 2, received 1616473.
Apr 08 02:53:04  CWrSock::ParseBuffer: Missing sequence, expected 2, received 1616545.
Apr 08 08:01:25  CWrSock::ParseBuffer: Missing sequence, expected 2, received 1959242.
Apr 09 10:36:44  CWrSock::ParseBuffer: Missing sequence, expected 2, received 155189.
